<?xml version="1.0" encoding="UTF-8"?>
<!-- Generated by org.testng.reporters.JUnitReportReporter -->
<testsuite hostname="MX-IT01127" name="com.nest.example.tests.MicroServiceTest" tests="1" failures="0" timestamp="9 Apr 2018 21:16:33 GMT" time="0.629" errors="0">
  <testcase name="check" time="0.629" classname="com.nest.example.tests.MicroServiceTest"/>
</testsuite> <!-- com.nest.example.tests.MicroServiceTest -->
